[    0.000000] Initializing cgroup subsys cpuset
[    0.000000] Initializing cgroup subsys cpu
[    0.000000] Initializing cgroup subsys cpuacct
[    0.000000] Linux version 4.4.0-83-generic (buildd@lgw01-29) (gcc version 5.4.0 20160609 (Ubuntu 5.4.0-6ubuntu1~16.04.4) ) #106-Ubuntu SMP Mon Jun 26 17:54:43 UTC 2017 (Ubuntu 4.4.0-83.106-generic 4.4.70)
[    0.000000] Command line: BOOT_IMAGE=/boot/vmlinuz-4.4.0-83-generic root=UUID=37d41210-b0f6-4a75-8d77-5e62eda5dc03 ro console=tty1 console=ttyS0
[    0.000000] KERNEL supported cpus:
[    0.000000]   Intel GenuineIntel
[    0.000000]   AMD AuthenticAMD
[    0.000000]   Centaur CentaurHauls
[    0.000000] x86/fpu: xstate_offset[2]:  576, xstate_sizes[2]:  256
[    0.000000] x86/fpu: Supporting XSAVE feature 0x01: 'x87 floating point registers'
[    0.000000] x86/fpu: Supporting XSAVE feature 0x02: 'SSE registers'
[    0.000000] x86/fpu: Supporting XSAVE feature 0x04: 'AVX registers'
[    0.000000] x86/fpu: Enabled xstate features 0x7, context size is 832 bytes, using 'standard' format.
[    0.000000] x86/fpu: Using 'lazy' FPU context switches.
[    0.000000] e820: BIOS-provided physical RAM map:
[    0.000000] BIOS-e820: [mem 0x0000000000000000-0x000000000009fbff] usable
[    0.000000] BIOS-e820: [mem 0x000000000009fc00-0x000000000009ffff] reserved
[    0.000000] BIOS-e820: [mem 0x00000000000f0000-0x00000000000fffff] reserved
[    0.000000] BIOS-e820: [mem 0x0000000000100000-0x000000003ffeffff] usable
[    0.000000] BIOS-e820: [mem 0x000000003fff0000-0x000000003fffffff] ACPI data
[    0.000000] BIOS-e820: [mem 0x00000000fec00000-0x00000000fec00fff] reserved
[    0.000000] BIOS-e820: [mem 0x00000000fee00000-0x00000000fee00fff] reserved
[    0.000000] BIOS-e820: [mem 0x00000000fffc0000-0x00000000ffffffff] reserved
[    0.000000] NX (Execute Disable) protection: active
[    0.000000] SMBIOS 2.5 present.
[    0.000000] Hypervisor detected: KVM
[    0.000000] e820: last_pfn = 0x3fff0 max_arch_pfn = 0x400000000
[    0.000000] MTRR: Disabled
[    0.000000] x86/PAT: MTRRs disabled, skipping PAT initialization too.
[    0.000000] x86/PAT: Configuration [0-7]: WB  WT  UC- UC  WB  WT  UC- UC  
[    0.000000] CPU MTRRs all blank - virtualized system.
[    0.000000] found SMP MP-table at [mem 0x0009fff0-0x0009ffff] mapped at [ffff88000009fff0]
[    0.000000] Scanning 1 areas for low memory corruption
[    0.000000] RAMDISK: [mem 0x36236000-0x37112fff]
[    0.000000] ACPI: Early table checksum verification disabled
[    0.000000] ACPI: RSDP 0x00000000000E0000 000024 (v02 VBOX  )
[    0.000000] ACPI: XSDT 0x000000003FFF0030 00003C (v01 VBOX   VBOXXSDT 00000001 ASL  00000061)
[    0.000000] ACPI: FACP 0x000000003FFF00F0 0000F4 (v04 VBOX   VBOXFACP 00000001 ASL  00000061)
[    0.000000] ACPI: DSDT 0x000000003FFF0470 0021C8 (v02 VBOX   VBOXBIOS 00000002 INTL 20160831)
[    0.000000] ACPI: FACS 0x000000003FFF0200 000040
[    0.000000] ACPI: FACS 0x000000003FFF0200 000040
[    0.000000] ACPI: APIC 0x000000003FFF0240 00005C (v02 VBOX   VBOXAPIC 00000001 ASL  00000061)
[    0.000000] ACPI: SSDT 0x000000003FFF02A0 0001CC (v01 VBOX   VBOXCPUT 00000002 INTL 20160831)
[    0.000000] No NUMA configuration found
[    0.000000] Faking a node at [mem 0x0000000000000000-0x000000003ffeffff]
[    0.000000] NODE_DATA(0) allocated [mem 0x3ffeb000-0x3ffeffff]
[    0.000000] kvm-clock: Using msrs 4b564d01 and 4b564d00
[    0.000000] kvm-clock: cpu 0, msr 0:3ffe3001, primary cpu clock
[    0.000000] kvm-clock: using sched offset of 3508575412 cycles
[    0.000000] clocksource: kvm-clock: mask: 0xffffffffffffffff max_cycles: 0x1cd42e4dffb, max_idle_ns: 881590591483 ns
[    0.000000] Zone ranges:
[    0.000000]   DMA      [mem 0x0000000000001000-0x0000000000ffffff]
[    0.000000]   DMA32    [mem 0x0000000001000000-0x000000003ffeffff]
[    0.000000]   Normal   empty
[    0.000000]   Device   empty
[    0.000000] Movable zone start for each node
[    0.000000] Early memory node ranges
[    0.000000]   node   0: [mem 0x0000000000001000-0x000000000009efff]
[    0.000000]   node   0: [mem 0x0000000000100000-0x000000003ffeffff]
[    0.000000] Initmem setup node 0 [mem 0x0000000000001000-0x000000003ffeffff]
[    0.000000] ACPI: PM-Timer IO Port: 0x4008
[    0.000000] IOAPIC[0]: apic_id 2, version 32, address 0xfec00000, GSI 0-23
[    0.000000] ACPI: INT_SRC_OVR (bus 0 bus_irq 0 global_irq 2 dfl dfl)
[    0.000000] ACPI: INT_SRC_OVR (bus 0 bus_irq 9 global_irq 9 high level)
[    0.000000] Using ACPI (MADT) for SMP configuration information
[    0.000000] smpboot: Allowing 2 CPUs, 0 hotplug CPUs
[    0.000000] PM: Registered nosave memory: [mem 0x00000000-0x00000fff]
[    0.000000] PM: Registered nosave memory: [mem 0x0009f000-0x0009ffff]
[    0.000000] PM: Registered nosave memory: [mem 0x000a0000-0x000effff]
[    0.000000] PM: Registered nosave memory: [mem 0x000f0000-0x000fffff]
[    0.000000] e820: [mem 0x40000000-0xfebfffff] available for PCI devices
[    0.000000] Booting paravirtualized kernel on KVM
[    0.000000] clocksource: refined-jiffies: mask: 0xffffffff max_cycles: 0xffffffff, max_idle_ns: 7645519600211568 ns
[    0.000000] setup_percpu: NR_CPUS:512 nr_cpumask_bits:512 nr_cpu_ids:2 nr_node_ids:1
[    0.000000] PERCPU: Embedded 33 pages/cpu @ffff88003fc00000 s98264 r8192 d28712 u1048576
[    0.000000] PV qspinlock hash table entries: 256 (order: 0, 4096 bytes)
[    0.000000] Built 1 zonelists in Node order, mobility grouping on.  Total pages: 257913
[    0.000000] Policy zone: DMA32
[    0.000000] Kernel command line: BOOT_IMAGE=/boot/vmlinuz-4.4.0-83-generic root=UUID=37d41210-b0f6-4a75-8d77-5e62eda5dc03 ro console=tty1 console=ttyS0
[    0.000000] PID hash table entries: 4096 (order: 3, 32768 bytes)
[    0.000000] Memory: 997356K/1048120K available (8469K kernel code, 1294K rwdata, 3984K rodata, 1488K init, 1316K bss, 50764K reserved, 0K cma-reserved)
[    0.000000] SLUB: HWalign=64, Order=0-3, MinObjects=0, CPUs=2, Nodes=1
[    0.000000] Hierarchical RCU implementation.
[    0.000000] 	Build-time adjustment of leaf fanout to 64.
[    0.000000] 	RCU restricting CPUs from NR_CPUS=512 to nr_cpu_ids=2.
[    0.000000] RCU: Adjusting geometry for rcu_fanout_leaf=64, nr_cpu_ids=2
[    0.000000] NR_IRQS:33024 nr_irqs:440 16
[    0.000000] Console: colour VGA+ 80x25
[    0.000000] console [tty1] enabled
[    0.000000] console [ttyS0] enabled
[    0.000000] tsc: Detected 2593.994 MHz processor
[    0.808071] Calibrating delay loop (skipped) preset value.. 5187.98 BogoMIPS (lpj=10375976)
[    0.809425] pid_max: default: 32768 minimum: 301
[    0.810143] ACPI: Core revision 20150930
[    0.811750] ACPI: 2 ACPI AML tables successfully acquired and loaded
[    0.812845] Security Framework initialized
[    0.813824] Yama: becoming mindful.
[    0.814759] AppArmor: AppArmor initialized
[    0.815895] Dentry cache hash table entries: 131072 (order: 8, 1048576 bytes)
[    0.817608] Inode-cache hash table entries: 65536 (order: 7, 524288 bytes)
[    0.819804] Mount-cache hash table entries: 2048 (order: 2, 16384 bytes)
[    0.824386] Mountpoint-cache hash table entries: 2048 (order: 2, 16384 bytes)
[    0.829664] Initializing cgroup subsys io
[    0.831771] Initializing cgroup subsys memory
[    0.832825] Initializing cgroup subsys devices
[    0.833878] Initializing cgroup subsys freezer
[    0.834953] Initializing cgroup subsys net_cls
[    0.836022] Initializing cgroup subsys perf_event
[    0.837115] Initializing cgroup subsys net_prio
[    0.838216] Initializing cgroup subsys hugetlb
[    0.839316] Initializing cgroup subsys pids
[    0.840436] CPU: Physical Processor ID: 0
[    0.841412] CPU: Processor Core ID: 0
[    0.848528] mce: CPU supports 0 MCE banks
[    0.868607] Last level iTLB entries: 4KB 1024, 2MB 1024, 4MB 1024
[    0.869573] Last level dTLB entries: 4KB 1024, 2MB 1024, 4MB 1024, 1GB 4
[    0.876262] Freeing SMP alternatives memory: 32K (ffffffff820b9000 - ffffffff820c1000)
[    0.891638] ftrace: allocating 32129 entries in 126 pages
[    0.994544] smpboot: APIC(0) Converting physical 0 to logical package 0
[    1.040459] smpboot: Max logical packages: 1
[    1.084916] x2apic enabled
[    1.100958] Switched APIC routing to physical x2apic.
[    1.102797] ..TIMER: vector=0x30 apic1=0 pin1=2 apic2=-1 pin2=-1
[    1.211010] smpboot: CPU0: Intel(R) Core(TM) i7-4510U CPU @ 2.00GHz (family: 0x6, model: 0x45, stepping: 0x1)
[    1.221609] Performance Events: unsupported p6 CPU model 69 no PMU driver, software events only.
[    1.223080] KVM setup paravirtual spinlock
[    1.224457] x86: Booting SMP configuration:
[    1.225133] .... node  #0, CPUs:      #1
[    1.225874] kvm-clock: cpu 1, msr 0:3ffe3041, secondary cpu clock
[    1.227548] mce: CPU supports 0 MCE banks
[    1.233618] x86: Booted up 1 node, 2 CPUs
[    1.263023] smpboot: Total of 2 processors activated (10375.97 BogoMIPS)
[    1.310026] devtmpfs: initialized
[    1.328960] evm: security.selinux
[    1.329545] evm: security.SMACK64
[    1.330130] evm: security.SMACK64EXEC
[    1.330744] evm: security.SMACK64TRANSMUTE
[    1.331413] evm: security.SMACK64MMAP
[    1.332028] evm: security.ima
[    1.332573] evm: security.capability
[    1.333342] clocksource: jiffies: mask: 0xffffffff max_cycles: 0xffffffff, max_idle_ns: 7645041785100000 ns
[    1.334809] futex hash table entries: 512 (order: 3, 32768 bytes)
[    1.335812] pinctrl core: initialized pinctrl subsystem
[    1.336710] RTC time:  6:31:59, date: 07/11/17
[    1.338001] NET: Registered protocol family 16
[    1.349725] cpuidle: using governor ladder
[    1.393899] cpuidle: using governor menu
[    1.432020] PCCT header not found.
[    1.458570] ACPI: bus type PCI registered
[    1.484841] acpiphp: ACPI Hot Plug PCI Controller Driver version: 0.5
[    1.492595] PCI: Using configuration type 1 for base access
[    1.502532] ACPI: Added _OSI(Module Device)
[    1.543475] ACPI: Added _OSI(Processor Device)
[    1.549464] ACPI: Added _OSI(3.0 _SCP Extensions)
[    1.550186] ACPI: Added _OSI(Processor Aggregator Device)
[    1.551622] ACPI: Executed 1 blocks of module-level executable AML code
[    1.555490] ACPI: Interpreter enabled
[    1.556124] ACPI: (supports S0 S5)
[    1.556721] ACPI: Using IOAPIC for interrupt routing
[    1.557607] PCI: Using host bridge windows from ACPI; if necessary, use "pci=nocrs" and report a bug
[    1.562060] ACPI: PCI Root Bridge [PCI0] (domain 0000 [bus 00-ff])
[    1.562945] acpi PNP0A03:00: _OSC: OS supports [ASPM ClockPM Segments MSI]
[    1.563894] acpi PNP0A03:00: _OSC failed (AE_NOT_FOUND); disabling ASPM
[    1.564820] acpi PNP0A03:00: fail to add MMCONFIG information, can't access extended PCI configuration space under this bridge.
[    1.566646] PCI host bridge to bus 0000:00
[    1.567312] pci_bus 0000:00: root bus resource [io  0x0000-0x0cf7 window]
[    1.568243] pci_bus 0000:00: root bus resource [io  0x0d00-0xffff window]
[    1.569188] pci_bus 0000:00: root bus resource [mem 0x000a0000-0x000bffff window]
[    1.570388] pci_bus 0000:00: root bus resource [mem 0x40000000-0xffdfffff window]
[    1.571601] pci_bus 0000:00: root bus resource [bus 00-ff]
[    1.573611] pci 0000:00:01.1: legacy IDE quirk: reg 0x10: [io  0x01f0-0x01f7]
[    1.574583] pci 0000:00:01.1: legacy IDE quirk: reg 0x14: [io  0x03f6]
[    1.575494] pci 0000:00:01.1: legacy IDE quirk: reg 0x18: [io  0x0170-0x0177]
[    1.576470] pci 0000:00:01.1: legacy IDE quirk: reg 0x1c: [io  0x0376]
[    1.598795] pci 0000:00:07.0: quirk: [io  0x4000-0x403f] claimed by PIIX4 ACPI
[    1.640006] pci 0000:00:07.0: quirk: [io  0x4100-0x410f] claimed by PIIX4 SMB
[    1.672091] ACPI: PCI Interrupt Link [LNKA] (IRQs 5 9 10 *11)
[    1.692454] ACPI: PCI Interrupt Link [LNKB] (IRQs 5 9 10 *11)
[    1.755146] ACPI: PCI Interrupt Link [LNKC] (IRQs 5 9 *10 11)
[    1.771245] ACPI: PCI Interrupt Link [LNKD] (IRQs 5 *9 10 11)
[    1.808515] ACPI: Enabled 2 GPEs in block 00 to 07
[    1.872855] vgaarb: setting as boot device: PCI:0000:00:02.0
[    1.917992] vgaarb: device added: PCI:0000:00:02.0,decodes=io+mem,owns=io+mem,locks=none
[    1.919921] vgaarb: loaded
[    1.922056] vgaarb: bridge control possible 0000:00:02.0
[    1.923543] SCSI subsystem initialized
[    1.930007] ACPI: bus type USB registered
[    1.931013] usbcore: registered new interface driver usbfs
[    1.934362] usbcore: registered new interface driver hub
[    1.935575] usbcore: registered new device driver usb
[    1.937948] PCI: Using ACPI for IRQ routing
[    1.962062] NetLabel: Initializing
[    1.977245] NetLabel:  domain hash size = 128
[    1.998828] NetLabel:  protocols = UNLABELED CIPSOv4
[    2.042832] NetLabel:  unlabeled traffic allowed by default
[    2.123915] amd_nb: Cannot enumerate AMD northbridges
[    2.142841] clocksource: Switched to clocksource kvm-clock
[    2.209170] AppArmor: AppArmor Filesystem Enabled
[    2.250672] pnp: PnP ACPI init
[    2.251906] pnp: PnP ACPI: found 3 devices
[    2.267538] clocksource: acpi_pm: mask: 0xffffff max_cycles: 0xffffff, max_idle_ns: 2085701024 ns
[    2.386250] NET: Registered protocol family 2
[    2.387570] TCP established hash table entries: 8192 (order: 4, 65536 bytes)
[    2.389023] TCP bind hash table entries: 8192 (order: 5, 131072 bytes)
[    2.390401] TCP: Hash tables configured (established 8192 bind 8192)
[    2.391692] UDP hash table entries: 512 (order: 2, 16384 bytes)
[    2.392826] UDP-Lite hash table entries: 512 (order: 2, 16384 bytes)
[    2.394047] NET: Registered protocol family 1
[    2.394752] pci 0000:00:00.0: Limiting direct PCI/PCI transfers
[    2.401156] pci 0000:00:01.0: Activating ISA DMA hang workarounds
[    2.445670] Unpacking initramfs...
[    2.648847] Freeing initrd memory: 15220K (ffff880036236000 - ffff880037113000)
[    2.664618] RAPL PMU detected, API unit is 2^-32 Joules, 4 fixed counters 10737418240 ms ovfl timer
[    2.666037] hw unit of domain pp0-core 2^-0 Joules
[    2.666798] hw unit of domain package 2^-0 Joules
[    2.667603] hw unit of domain dram 2^-0 Joules
[    2.668311] hw unit of domain pp1-gpu 2^-0 Joules
[    2.669105] platform rtc_cmos: registered platform RTC device (no PNP device found)
[    2.670375] Scanning for low memory corruption every 60 seconds
[    2.671700] audit: initializing netlink subsys (disabled)
[    2.678126] audit: type=2000 audit(1499754724.641:1): initialized
[    2.679325] Initialise system trusted keyring
[    2.682980] HugeTLB registered 2 MB page size, pre-allocated 0 pages
[    2.984184] zbud: loaded
[    3.003004] VFS: Disk quotas dquot_6.6.0
[    3.011411] VFS: Dquot-cache hash table entries: 512 (order 0, 4096 bytes)
[    3.032905] squashfs: version 4.0 (2009/01/31) Phillip Lougher
[    3.054072] fuse init (API version 7.23)
[    3.055488] Key type big_key registered
[    3.172512] Allocating IMA MOK and blacklist keyrings.
[    3.394014] Key type asymmetric registered
[    3.396356] Asymmetric key parser 'x509' registered
[    3.402817] Block layer SCSI generic (bsg) driver version 0.4 loaded (major 249)
[    3.404110] io scheduler noop registered
[    3.522500] io scheduler deadline registered (default)
[    3.622705] io scheduler cfq registered
[    3.623484] pci_hotplug: PCI Hot Plug PCI Core version: 0.5
[    3.624313] pciehp: PCI Express Hot Plug Controller Driver version: 0.4
[    3.625368] ACPI: AC Adapter [AC] (on-line)
[    3.626101] input: Power Button as /devices/LNXSYSTM:00/LNXPWRBN:00/input/input0
[    3.627319] ACPI: Power Button [PWRF]
[    3.628013] input: Sleep Button as /devices/LNXSYSTM:00/LNXSLPBN:00/input/input1
[    3.629210] ACPI: Sleep Button [SLPF]
[    3.630501] ACPI: Battery Slot [BAT0] (battery present)
[    3.752690] tsc: Refined TSC clocksource calibration: 2594.022 MHz
[    3.752836] GHE:: HEST is not enabled!
[    3.972747] Serial: 8250/16550 driver, 32 ports, IRQ sharing enabled
[    4.143946] 00:02: ttyS0 at I/O 0x3f8 (irq = 4, base_baud = 115200) is a 16550A
[    4.148873] Linux agpgart interface v0.103
[    4.160364] clocksource: tsc: mask: 0xffffffffffffffff max_cycles: 0x25642cc9704, max_idle_ns: 440795210404 ns
[    4.160663] loop: module loaded
[    4.161124] scsi host0: ata_piix
[    4.161178] scsi host1: ata_piix
[    4.161207] ata1: PATA max UDMA/33 cmd 0x1f0 ctl 0x3f6 bmdma 0xd000 irq 14
[    4.161208] ata2: PATA max UDMA/33 cmd 0x170 ctl 0x376 bmdma 0xd008 irq 15
[    4.161274] libphy: Fixed MDIO Bus: probed
[    4.161276] tun: Universal TUN/TAP device driver, 1.6
[    4.161276] tun: (C) 1999-2004 Max Krasnyansky <maxk@qualcomm.com>
[    4.161524] PPP generic driver version 2.4.2
[    4.161592] ehci_hcd: USB 2.0 'Enhanced' Host Controller (EHCI) Driver
[    4.161597] ehci-pci: EHCI PCI platform driver
[    4.161616] ehci-platform: EHCI generic platform driver
[    4.161626] ohci_hcd: USB 1.1 'Open' Host Controller (OHCI) Driver
[    4.161629] ohci-pci: OHCI PCI platform driver
[    4.161640] ohci-platform: OHCI generic platform driver
[    4.161649] uhci_hcd: USB Universal Host Controller Interface driver
[    4.161719] i8042: PNP: PS/2 Controller [PNP0303:PS2K,PNP0f03:PS2M] at 0x60,0x64 irq 1,12
[    4.162222] serio: i8042 KBD port at 0x60,0x64 irq 1
[    4.162225] serio: i8042 AUX port at 0x60,0x64 irq 12
[    4.162317] mousedev: PS/2 mouse device common for all mice
[    4.162570] input: AT Translated Set 2 keyboard as /devices/platform/i8042/serio0/input/input2
[    4.162861] rtc_cmos rtc_cmos: rtc core: registered rtc_cmos as rtc0
[    4.162932] rtc_cmos rtc_cmos: alarms up to one day, 114 bytes nvram
[    4.162939] i2c /dev entries driver
[    4.162987] device-mapper: uevent: version 1.0.3
[    4.163037] device-mapper: ioctl: 4.34.0-ioctl (2015-10-28) initialised: dm-devel@redhat.com
[    4.163057] ledtrig-cpu: registered to indicate activity on CPUs
[    4.163580] NET: Registered protocol family 10
[    4.163739] NET: Registered protocol family 17
[    4.163753] Key type dns_resolver registered
[    4.163913] microcode: CPU0 sig=0x40651, pf=0x40, revision=0x0
[    4.172082] microcode: CPU1 sig=0x40651, pf=0x40, revision=0x0
[    4.172124] microcode: Microcode Update Driver: v2.01 <tigran@aivazian.fsnet.co.uk>, Peter Oruba
[    4.172279] registered taskstats version 1
[    4.172296] Loading compiled-in X.509 certificates
[    4.172975] Loaded X.509 cert 'Build time autogenerated kernel key: 35105354eb779045e4d9ad793dead39d5ee93f76'
[    4.172993] zswap: loaded using pool lzo/zbud
[    4.174306] Key type trusted registered
[    4.176523] Key type encrypted registered
[    4.176527] AppArmor: AppArmor sha1 policy hashing enabled
[    4.176530] ima: No TPM chip found, activating TPM-bypass!
[    4.176546] evm: HMAC attrs: 0x1
[    4.176772]   Magic number: 9:942:518
[    4.182651] rtc_cmos rtc_cmos: setting system clock to 2017-07-11 06:32:02 UTC (1499754722)
[    4.182748] BIOS EDD facility v0.16 2004-Jun-25, 0 devices found
[    4.182749] EDD information not available.
[    4.454504] Freeing unused kernel memory: 1488K (ffffffff81f45000 - ffffffff820b9000)
[    4.492936] Write protecting the kernel read-only data: 14336k
[    4.494263] Freeing unused kernel memory: 1760K (ffff880001848000 - ffff880001a00000)
[    4.495877] Freeing unused kernel memory: 112K (ffff880001de4000 - ffff880001e00000)
Loading, please [    4.516566] random: systemd-udevd: uninitialized urandom read (16 bytes read, 2 bits of entropy available)
wait...
startin[    4.517224] random: udevadm: uninitialized urandom read (16 bytes read, 2 bits of entropy available)
g version 229
[    4.517258] random: udevadm: uninitialized urandom read (16 bytes read, 2 bits of entropy available)
[    4.517363] random: udevadm: uninitialized urandom read (16 bytes read, 2 bits of entropy available)
[    4.517402] random: udevadm: uninitialized urandom read (16 bytes read, 2 bits of entropy available)
[    4.517437] random: udevadm: uninitialized urandom read (16 bytes read, 2 bits of entropy available)
[    4.517472] random: udevadm: uninitialized urandom read (16 bytes read, 2 bits of entropy available)
[    4.517507] random: udevadm: uninitialized urandom read (16 bytes read, 2 bits of entropy available)
[    4.517542] random: udevadm: uninitialized urandom read (16 bytes read, 2 bits of entropy available)
[    4.517577] random: udevadm: uninitialized urandom read (16 bytes read, 2 bits of entropy available)
[    4.679915] e1000: Intel(R) PRO/1000 Network Driver - version 7.3.21-k8-NAPI
[    4.692011] e1000: Copyright (c) 1999-2006 Intel Corporation.
[    4.703178] Fusion MPT base driver 3.04.20
[    4.882562] Copyright (c) 1999-2008 LSI Corporation
[    5.012516] input: ImExPS/2 Generic Explorer Mouse as /devices/platform/i8042/serio1/input/input4
[    5.026420] AVX version of gcm_enc/dec engaged.
[    5.035529] AES CTR mode by8 optimization enabled
[    5.054307] Fusion MPT SPI Host driver 3.04.20
[    5.360218] e1000 0000:00:03.0 eth0: (PCI:33MHz:32-bit) 02:9c:9d:15:a0:80
[    5.373189] e1000 0000:00:03.0 eth0: Intel(R) PRO/1000 Network Connection
[    5.374937] mptbase: ioc0: Initiating bringup
[    5.443608] ioc0: LSI53C1030 A0: Capabilities={Initiator}
[    5.626279] scsi host2: ioc0: LSI53C1030 A0, FwRev=00000000h, Ports=1, MaxQ=256, IRQ=20
[    5.744169] scsi 2:0:0:0: Direct-Access     VBOX     HARDDISK         1.0  PQ: 0 ANSI: 5
[    5.829088] scsi target2:0:0: Beginning Domain Validation
[    5.842476] scsi target2:0:0: Domain Validation skipping write tests
[    5.863871] scsi target2:0:0: Ending Domain Validation
[    5.870221] scsi target2:0:0: asynchronous
[    5.871329] scsi 2:0:1:0: Direct-Access     VBOX     HARDDISK         1.0  PQ: 0 ANSI: 5
[    5.874019] scsi target2:0:1: Beginning Domain Validation
[    5.875680] scsi target2:0:1: Domain Validation skipping write tests
[    5.878937] scsi target2:0:1: Ending Domain Validation
[    5.879930] scsi target2:0:1: asynchronous
[    5.887714] sd 2:0:0:0: Attached scsi generic sg0 type 0
[    5.889829] sd 2:0:0:0: [sda] 20971520 512-byte logical blocks: (10.7 GB/10.0 GiB)
[    5.891821] sd 2:0:0:0: [sda] Write Protect is off
[    5.893820] sd 2:0:1:0: [sdb] 20480 512-byte logical blocks: (10.5 MB/10.0 MiB)
[    5.895501] sd 2:0:1:0: Attached scsi generic sg1 type 0
[    5.897603] sd 2:0:1:0: [sdb] Write Protect is off
[    5.898593] sd 2:0:1:0: [sdb] Incomplete mode parameter data
[    5.899686] sd 2:0:1:0: [sdb] Assuming drive cache: write through
[    5.906115] sd 2:0:0:0: [sda] Incomplete mode parameter data
[    5.907137] sd 2:0:0:0: [sda] Assuming drive cache: write through
[    5.959424]  sda: sda1
[    5.961585] sd 2:0:0:0: [sda] Attached SCSI disk
[    5.987917] sd 2:0:1:0: [sdb] Attached SCSI disk
[    6.089666] e1000 0000:00:08.0 eth1: (PCI:33MHz:32-bit) 08:00:27:13:00:ed
[    6.123073] e1000 0000:00:08.0 eth1: Intel(R) PRO/1000 Network Connection
[    6.143768] e1000 0000:00:03.0 enp0s3: renamed from eth0
[    6.159283] e1000 0000:00:08.0 enp0s8: renamed from eth1
[    7.699342] floppy0: no floppy controllers found
Begin: Loading e[    9.020687] md: linear personality registered for level -1
ssential drivers ... [    9.026569] md: multipath personality registered for level -4
[    9.030684] md: raid0 personality registered for level 0
[    9.036805] md: raid1 personality registered for level 1
[    9.122865] raid6: sse2x1   gen()  9484 MB/s
[    9.250866] raid6: sse2x1   xor()  7354 MB/s
[    9.378847] raid6: sse2x2   gen() 12071 MB/s
[    9.490857] raid6: sse2x2   xor()  7827 MB/s
[    9.598856] raid6: sse2x4   gen() 10369 MB/s
[    9.674854] raid6: sse2x4   xor()  9321 MB/s
[    9.717601] raid6: using algorithm sse2x2 gen() 12071 MB/s
[    9.727640] raid6: .... xor() 7827 MB/s, rmw enabled
[    9.728390] raid6: using ssse3x2 recovery algorithm
[    9.730486] xor: automatically using best checksumming function:
[    9.792148]    avx       : 47818.000 MB/sec
[    9.794297] async_tx: api initialized (async)
[    9.850971] md: raid6 personality registered for level 6
[    9.864693] md: raid5 personality registered for level 5
[    9.865477] md: raid4 personality registered for level 4
[    9.871237] md: raid10 personality registered for level 10
done.
Begin: Running /scripts/init-premount ... done.
Begin: Mounting root file system ... Begin: Running /scripts/local-top ... done.
Begin: Running /scripts/local-premount [    9.906613] Btrfs loaded
... Scanning for Btrfs filesystems
done.
Warning: fsck not present, so skipping root file system
[   10.032333] EXT4-fs (sda1): mounted filesystem with ordered data mode. Opts: (null)
done.
Begin: Running /scripts/local-bottom ... done.
Begin: Running /scripts/init-bottom ... done.
[   11.447205] random: nonblocking pool is initialized
[   11.834918] systemd[1]: systemd 229 running in system mode. (+PAM +AUDIT +SELINUX +IMA +APPARMOR +SMACK +SYSVINIT +UTMP +LIBCRYPTSETUP +GCRYPT +GNUTLS +ACL +XZ -LZ4 +SECCOMP +BLKID +ELFUTILS +KMOD -IDN)
[   12.037802] systemd[1]: Detected virtualization oracle.
[   12.038601] systemd[1]: Detected architecture x86-64.

Welcome to [1mUbuntu 16.04.2 LTS[0m!

[   12.149772] systemd[1]: Set hostname to <ubuntu-xenial>.
[   14.146119] systemd[1]: Reached target Swap.
[[0;32m  OK  [0m] Reached target Swap.
[   14.190476] systemd[1]: Set up automount Arbitrary Executable File Formats File System Automount Point.
[[0;32m  OK  [0m] Set up automount Arbitrary Executab...ats File System Automount Point.
[   14.193019] systemd[1]: Listening on /dev/initctl Compatibility Named Pipe.
[[0;32m  OK  [0m] Listening on /dev/initctl Compatibility Named Pipe.
[   14.194900] systemd[1]: Listening on Device-mapper event daemon FIFOs.
[[0;32m  OK  [0m] Listening on Device-mapper event daemon FIFOs.
[   14.196782] systemd[1]: Listening on LVM2 poll daemon socket.
[[0;32m  OK  [0m] Listening on LVM2 poll daemon socket.
[   14.198423] systemd[1]: Listening on udev Control Socket.
[[0;32m  OK  [0m] Listening on udev Control Socket.
[   14.200019] systemd[1]: Reached target User and Group Name Lookups.
[[0;32m  OK  [0m] Reached target User and Group Name Lookups.
[   14.201797] systemd[1]: Listening on Journal Audit Socket.
[[0;32m  OK  [0m] Listening on Journal Audit Socket.
[   14.204942] systemd[1]: Created slice User and Session Slice.
[[0;32m  OK  [0m] Created slice User and Session Slice.
[   14.213642] systemd[1]: Created slice System Slice.
[[0;32m  OK  [0m] Created slice System Slice.
[   14.215397] systemd[1]: Created slice system-serial\x2dgetty.slice.
[[0;32m  OK  [0m] Created slice system-serial\x2dgetty.slice.
[   14.217130] systemd[1]: Reached target Slices.
[[0;32m  OK  [0m] Reached target Slices.
[   14.218534] systemd[1]: Listening on Journal Socket.
[[0;32m  OK  [0m] Listening on Journal Socket.
[   14.231082] systemd[1]: Starting Uncomplicated firewall...
         Starting Uncomplicated firewall...
[   14.240412] systemd[1]: Starting Create list of required static device nodes for the current kernel...
         Starting Create list of required st... nodes for the current kernel...
[   14.283180] systemd[1]: Mounting Huge Pages File System...
         Mounting Huge Pages File System...
[   14.395413] systemd[1]: Starting Load Kernel Modules...
[   14.526178] Loading iSCSI transport class v2.0-870.
         Starting Load Kernel Modules...
[   14.528223] systemd[1]: Starting Set console keymap...
         Starting Set console keymap...
[   14.583412] systemd[1]: Starting Remount Root and Kernel File Systems...
         Starting Remount Root and Kernel File Systems...
[   14.602199] systemd[1]: Mounting POSIX Message Queue File System...
[   14.604936] iscsi: registered transport (tcp)
[   14.607029] EXT4-fs (sda1): re-mounted. Opts: (null)
         Mounting POSIX Message Queue File System...
[   14.631331] systemd[1]: Listening on LVM2 metadata daemon socket.
[[0;32m  OK  [0m] Listening on LVM2 metadata daemon socket.
[   14.687064] systemd[1]: Starting Monitoring of LVM2 mirrors, snapshots etc. using dmeventd or progress polling...
         Starting Monitoring of LVM2 mirrors... dmeventd or progress polling...
[   14.893989] systemd[1]: Reached target Encrypted Volumes.
[[0;32m  OK  [0m] Reached target Encrypted Volumes.
[   14.897461] systemd[1]: Started Trigger resolvconf update for networkd DNS.
[[0;32m  OK  [0m] Started Trigger resolvconf update for networkd DNS.
[   14.917240] systemd[1]: Listening on Journal Socket (/dev/log).
[[0;32m  OK  [0m] Listening on Journal Socket (/dev/log).
[   14.935607] systemd[1]: Mounting Debug File System...
         Mounting Debug File System...
[   15.171095] systemd[1]: Listening on Syslog Socket.
[[0;32m  OK  [0m] Listening on Syslog Socket.
[   15.187131] systemd[1]: Starting Journal Service...
         Starting Journal Service...
[   15.277109] systemd[1]: Started Forward Password Requests to Wall Directory Watch.
[[0;32m  OK  [0m] Started Forward Password Requests to Wall Directory Watch.
[   15.282006] systemd[1]: Listening on udev Kernel Socket.
[[0;32m  OK  [0m] Listening on udev Kernel Socket.
[   15.285720] systemd[1]: Starting Nameserver information manager...
         Starting Nameserver information manager...
[   15.289133] systemd[1]: Mounted Debug File System.
[[0;32m  OK  [0m] Mounted Debug File System.
[   15.295106] systemd[1]: Mounted Huge Pages File System.
[   15.295177] iscsi: registered transport (iser)
[[0;32m  OK  [0m] Mounted Huge Pages File System.
[   15.298006] systemd[1]: Mounted POSIX Message Queue File System.
[[0;32m  OK  [0m] Mounted POSIX Message Queue File System.
[   15.300554] systemd[1]: Started Uncomplicated firewall.
[[0;32m  OK  [0m] Started Uncomplicated firewall.
[   15.303887] systemd[1]: Started Create list of required static device nodes for the current kernel.
[[0;32m  OK  [0m] Started Create list of required sta...ce nodes for the current kernel.
[   15.313606] systemd[1]: Started Load Kernel Modules.
[[0;32m  OK  [0m] Started Load Kernel Modules.
[   15.315795] systemd[1]: Started Set console keymap.
[[0;32m  OK  [0m] Started Set console keymap.
[   15.317613] systemd[1]: Started Remount Root and Kernel File Systems.
[[0;32m  OK  [0m] Started Remount Root and Kernel File Systems.
[   15.487212] systemd[1]: Starting udev Coldplug all Devices...
         Starting udev Coldplug all Devices...
[   15.564315] systemd[1]: Starting Initial cloud-init job (pre-networking)...
         Starting Initial cloud-init job (pre-networking)...
[   15.606146] systemd[1]: Starting Load/Save Random Seed...
         Starting Load/Save Random Seed...
[   15.628180] systemd[1]: Mounting FUSE Control File System...
         Mounting FUSE Control File System...
[   15.670086] systemd[1]: Starting Apply Kernel Variables...
         Starting Apply Kernel Variables...
[   15.704384] systemd[1]: Starting Create Static Device Nodes in /dev...
         Starting Create Static Device Nodes in /dev...
[   15.710335] systemd[1]: Mounted FUSE Control File System.
[[0;32m  OK  [0m] Mounted FUSE Control File System.
[   15.715497] systemd[1]: Started Journal Service.
[[0;32m  OK  [0m] Started Journal Service.
[[0;32m  OK  [0m] Started Nameserver information manager.
[[0;32m  OK  [0m] Started Load/Save Random Seed.
[[0;32m  OK  [0m] Started udev Coldplug all Devices.
[[0;32m  OK  [0m] Started LVM2 metadata daemon.
         Starting Flush Journal to Persistent Storage...
[   15.900625] systemd-journald[416]: Received request to flush runtime journal from PID 1
[[0;32m  OK  [0m] Started Flush Journal to Persistent Storage.
[[0;32m  OK  [0m] Started Apply Kernel Variables.
[[0;32m  OK  [0m] Started Monitoring of LVM2 mirrors,...ng dmeventd or progress polling.
[[0;32m  OK  [0m] Started Create Static Device Nodes in /dev.
         Starting udev Kernel Device Manager...
[[0;32m  OK  [0m] Started udev Kernel Device Manager.
[[0;32m  OK  [0m] Started Dispatch Password Requests to Console Directory Watch.
[[0;32m  OK  [0m] Reached target Local File Systems (Pre).
[[0;32m  OK  [0m] Reached target Local File Systems.
         Starting LSB: AppArmor initialization...
         Starting Tell Plymouth To Write Out Runtime Data...
         Starting Create Volatile Files and Directories...
         Starting Set console font and keymap...
[[0;32m  OK  [0m] Started Tell Plymouth To Write Out Runtime Data.
[[0;32m  OK  [0m] Found device /dev/ttyS0.
[[0;32m  OK  [0m] Started Create Volatile Files and Directories.
[[0;32m  OK  [0m] Reached target System Time Synchronized.
         Starting Update UTMP about System Boot/Shutdown...
[[0;32m  OK  [0m] Started Update UTMP about System Boot/Shutdown.
[[0;32m  OK  [0m] Found device 82540EM Gigabit Ethern...r (PRO/1000 MT Desktop Adapter).
[[0;32m  OK  [0m] Found device 82540EM Gigabit Ethern...r (PRO/1000 MT Desktop Adapter).
[[0;32m  OK  [0m] Started Set console font and keymap.
[[0;32m  OK  [0m] Created slice system-getty.slice.
[[0;32m  OK  [0m] Listening on Load/Save RF Kill Switch Status /dev/rfkill Watch.
[[0;32m  OK  [0m] Started LSB: AppArmor initialization.
[   20.946274] cloud-init[431]: Cloud-init v. 0.7.9 running 'init-local' at Tue, 11 Jul 2017 06:32:20 +0000. Up 20.37 seconds.
[[0;32m  OK  [0m] Started Initial cloud-init job (pre-networking).
[[0;32m  OK  [0m] Reached target Network (Pre).
         Starting Raise network interfaces...
[[0;32m  OK  [0m] Started ifup for enp0s3.
[[0;32m  OK  [0m] Started ifup for enp0s8.
[[0;32m  OK  [0m] Started Raise network interfaces.
         Starting Initial cloud-init job (metadata service crawler)...
[[0;32m  OK  [0m] Reached target Network.
[   22.419212] cloud-init[1052]: Cloud-init v. 0.7.9 running 'init' at Tue, 11 Jul 2017 06:32:21 +0000. Up 21.74 seconds.
[   22.423753] cloud-init[1052]: ci-info: +++++++++++++++++++++++++++++++++++++Net device info++++++++++++++++++++++++++++++++++++++
[   22.472853] [cloud-init[0;32m  OK  [0m[1052]: ] ci-info: +--------+------+----------------------------+---------------+-------+-------------------+Started Initial cloud-init job (metadata service crawler).

[   22.473193] cloud-init[1052]: ci-info: | Device |  Up  |          Address           |      Mask     | Scope |     Hw-Address    |
[   22.479072] [cloud-init[0;32m  OK  [0m[1052]: ] ci-info: +--------+------+----------------------------+---------------+-------+-------------------+Reached target System Initialization.

[   22.479516] cloud-init[1052]: ci-info: | enp0s3 | True |         10.0.2.15          | 255.255.255.0 |   .   | 02:9c:9d:15:a0:80 |
[   22.512481] cloud-init[1052]: ci-info: | enp0s3 | True | fe80::9c:9dff:fe15:a080/64 |       .       |  link | 02:9c:9d:15:a0:80 |
[[0;32m  OK  [0m] Started ACPI Events Check.
[[0;32m  OK  [0m] Reached target Paths.
[   22.513479] cloud-init[1052]: ci-info: |   lo   | True |         127.0.0.1          |   255.0.0.0   |   .   |         .         |
[   22.519763] cloud-init[1052]: ci-info: |   lo   | True |          ::1/128           |       .       |  host |         .         |
[   22.522593] cloud-init[1052]: ci-info: | enp0s8 | True |       192.168.100.64       | 255.255.255.0 |   .   | 08:00:27:13:00:ed |
[   22.525664] [cloud-init[0;32m  OK  [0m[1052]: ] ci-info: | enp0s8 | True | fe80::a00:27ff:fe13:ed/64  |       .       |  link | 08:00:27:13:00:ed |Started Daily apt activities.

[   22.556354] [cloud-init[0;32m  OK  [0m[1052]: ] ci-info: +--------+------+----------------------------+---------------+-------+-------------------+Listening on D-Bus System Message Bus Socket.

[   22.557048] cloud-init[1052]: ci-info: ++++++++++++++++++++++++++++Route IPv4 info+++++++++++++++++++++++++++++
[   22.566338] cloud-init[1052]: ci-info: +-------+---------------+----------+---------------+-----------+-------+
[   22.569698]          Starting LXD - unix socket.
[[0;32m  OK  [0m] Started Timer to automatically refresh installed snaps.
[[0;32m  OK  [0m] Listening on ACPID Listen Socket.
         Starting Socket activation for snappy daemon.
[[0;32m  OK  [0m] Listening on UUID daemon activation socket.
[[0;32m  OK  [0m] Started Daily Cleanup of Temporary Directories.
[[0;32m  OK  [0m] Reached target Timers.
[[0;32m  OK  [0m] Reached target Cloud-config availability.
[[0;32m  OK  [0m] Reached target Network is Online.
cloud-init[1052]: ci-info: | Route |  Destination  | Gateway  |    Genmask    | Interface | Flags |
[   22.582356] cloud-init[1052]: ci-info: +-------+---------------+----------+---------------+-----------+-------+
[   22.583729]          Starting iSCSI initiator daemon (iscsid)...
cloud-init[1052]: ci-info: |   0   |    0.0.0.0    | 10.0.2.2 |    0.0.0.0    |   enp0s3  |   UG  |[[0;32m  OK  [0m] Listening on LXD - unix socket.
[[0;32m  OK  [0m] Listening on Socket activation for snappy daemon.

[[0;32m  OK  [0m] Reached target Sockets.
[[0;32m  OK  [0m] Reached target Basic System.
[[0;32m  OK  [0m] Started Unattended Upgrades Shutdown.
[[0;32m  OK  [0m] Started D-Bus System Message Bus.
[   22.587842] cloud-init[1052]: ci-info: |   1   |    10.0.2.0   | 0.0.0.0  | 255.255.255.0 |   enp0s3  |   U   |
[   22.596289] cloud-init[1052]: ci-info: |   2   | 192.168.100.0 | 0.0.0.0  | 255.255.255.0 |   enp0s8  |   U   |
[   22.597620] cloud-init[1052]: ci-info: +-------+---------------+----------+---------------+-----------+-------+
         Starting vboxadd-x11.service...
[[0;32m  OK  [0m] Started ACPI event daemon.
         Starting vboxadd.service...
         Starting LSB: Record successful boot for GRUB...
         Starting /etc/rc.local Compatibility...
         Starting Accounts Service...
[[0;32m  OK  [0m] Started Snappy daemon.
         Starting Auto import assertions from block devices...
[[0;32m  OK  [0m] Started Deferred execution scheduler.
         Starting System Logging Service...
         Starting Login Service...
         Starting OpenBSD Secure Shell server...
[[0;32m  OK  [0m] Started FUSE filesystem for LXC.
[[0;32m  OK  [0m] Started Regular background program processing daemon.
         Starting LSB: MD monitoring daemon...
         Starting Apply the settings specified in cloud-config...
         Starting LXD - container startup/shutdown...
[[0;32m  OK  [0m] Started vboxadd-x11.service.
[[0;32m  OK  [0m] Started /etc/rc.local Compatibility.
[[0;32m  OK  [0m] Started Auto import assertions from block devices.
[[0;32m  OK  [0m] Started Login Service.
[[0;32m  OK  [0m] Started iSCSI initiator daemon (iscsid).
         Starting Login to default iSCSI targets...
[   24.008649] cloud-init[1175]: Cloud-init v. 0.7.9 running 'modules:config' at Tue, 11 Jul 2017 06:32:23 +0000. Up 23.78 seconds.
[[0;32m  OK  [0m] Started LSB: Record successful boot for GRUB.
[[0;32m  OK  [0m] Started Apply the settings specified in cloud-config.
[[0;32m  OK  [0m] Started LSB: MD monitoring daemon.
[[0;32m  OK  [0m] Started Login to default iSCSI targets.
[[0;32m  OK  [0m] Reached target Remote File Systems (Pre).
[[0;32m  OK  [0m] Reached target Remote File Systems.
         Starting LSB: Set the CPU Frequency Scaling governor to "ondemand"...
         Starting Permit User Sessions...
         Starting LSB: automatic crash report generation...
         Starting LSB: daemon to balance interrupts for SMP systems...
[[0;32m  OK  [0m] Started LSB: Set the CPU Frequency Scaling governor to "ondemand".
[[0;32m  OK  [0m] Started Permit User Sessions.
         Starting Terminate Plymouth Boot Screen...
         Starting Hold until boot process finishes up...
[[0;32m  OK  [0m] Started Terminate Plymouth Boot Screen.
[[0;32m  OK  [0m] Started Hold until boot process finishes up.
[[0;32m  OK  [0m] Started Serial Getty on ttyS0.
         Starting Set console scheme...
[[0;32m  OK  [0m] Started Getty on tty1.
[[0;32m  OK  [0m] Reached target Login Prompts.
[[0;32m  OK  [0m] Started Set console scheme.
[[0;32m  OK  [0m] Started LSB: daemon to balance interrupts for SMP systems.
[[0;32m  OK  [0m] Started LSB: automatic crash report generation.
[[0;32m  OK  [0m] Started System Logging Service.
[[0;32m  OK  [0m] Started OpenBSD Secure Shell server.
         Starting Authenticate and Authorize Users to Run Privileged Tasks...
[[0;32m  OK  [0m] Started vboxadd.service.
         Starting vboxadd-service.service...
[[0;32m  OK  [0m] Started vboxadd-service.service.
[[0;32m  OK  [0m] Started Authenticate and Authorize Users to Run Privileged Tasks.
[[0;32m  OK  [0m] Started Accounts Service.
[[0;32m  OK  [0m] Created slice User Slice of ubuntu.
         Starting User Manager for UID 1000...
[[0;32m  OK  [0m] Started Session 1 of user ubuntu.
[[0;32m  OK  [0m] Started User Manager for UID 1000.
[[0;32m  OK  [0m] Started LXD - container startup/shutdown.
[[0;32m  OK  [0m] Reached target Multi-User System.
[[0;32m  OK  [0m] Reached target Graphical Interface.
         Starting Execute cloud user/final scripts...
         Starting Update UTMP about System Runlevel Changes...

Ubuntu 16.04.2 LTS ubuntu-xenial ttyS0

ubuntu-xenial login: [   32.914781] cloud-init[1371]: Cloud-init v. 0.7.9 running 'modules:final' at Tue, 11 Jul 2017 06:32:30 +0000. Up 30.40 seconds.
[   32.916766] cloud-init[1371]: Cloud-init v. 0.7.9 finished at Tue, 11 Jul 2017 06:32:33 +0000. Datasource DataSourceNoCloud [seed=/dev/sdb][dsmode=net].  Up 32.90 seconds
[[0;32m  OK  [0m] Stopped target Timers.
[0         Stopping D-Bus System Message Bus...
         Stopping LXD - container startup/shutdown...
         Stopping System Logging Service...
         Stopping LSB: automatic crash report generation...
         Stopping Unattended Upgrades Shutdown...
         Stopping Deferred execution scheduler...
         Stopping LSB: daemon to balance interrupts for SMP systems...
         Stopping LSB: Set the CPU Frequency Scaling governor to "ondemand"...
         Stopping LSB: Record successful boot for GRUB...
         Stopping LSB: MD monitoring daemon...
[[0;32m  OK  [0m] Stopped Daily apt activities.
[[0;32m  OK  [0m] Stopped target System Time Synchronized.
         Stopping Accounts Service...
[[0;32m  OK  [0m] Stopped Apply the settings specified in cloud-config.
[[0;32m  OK  [0m] Stopped target Cloud-config availability.
[[0;32m  OK  [0m] Unmounted /var/lib/lxcfs.
[[0;32m  OK  [0m] Stopped ACPI event daemon.
[[0;32m  OK  [0m] Stopped Accounts Service.
[[0;32m  OK  [0m] Stopped Snappy daemon.
[[0;32m  OK  [0m] Stopped Deferred execution scheduler.
[[0;32m  OK  [0m] Stopped System Logging Service.
[[0;32m  OK  [0m] Stopped OpenBSD Secure Shell server.
[[0;32m  OK  [0m] Stopped Regular background program processing daemon.
[[0;32m  OK  [0m] Stopped Serial Getty on ttyS0.
[[0;32m  OK  [0m] Stopped Getty on tty1.
[[0;32m  OK  [0m] Stopped Authenticate and Authorize Users to Run Privileged Tasks.
[[0;32m  OK  [0m] Stopped User Manager for UID 1000.
[[0;32m  OK  [0m] Stopped Session 5 of user ubuntu.
[[0;32m  OK  [0m] Stopped vboxadd-service.service.
[[0;32m  OK  [0m] Stopped vboxadd-x11.service.
[[0;32m  OK  [0m] Stopped D-Bus System Message Bus.
[[0;32m  OK  [0m] Stopped Unattended Upgrades Shutdown.
[[0;32m  OK  [0m] Stopped FUSE filesystem for LXC.
[[0;32m  OK  [0m] Stopped LXD - container startup/shutdown.
[[0;32m  OK  [0m] Stopped LSB: Record successful boot for GRUB.
[[0;32m  OK  [0m] Stopped LSB: automatic crash report generation.
[[0;32m  OK  [0m] Stopped LSB: daemon to balance interrupts for SMP systems.
[[0;32m  OK  [0m] Stopped LSB: Set the CPU Frequency Scaling governor to "ondemand".
[[0;32m  OK  [0m] Stopped LSB: MD monitoring daemon.
         Stopping vboxadd.service...
[[0;32m  OK  [0m] Removed slice User Slice of ubuntu.
         Stopping Login Service...
[[0;32m  OK  [0m] Removed slice system-getty.slice.
[[0;32m  OK  [0m] Stopped /etc/rc.local Compatibility.
         Stopping Permit User Sessions...
[[0;32m  OK  [0m] Removed slice system-serial\x2dgetty.slice.
[[0;32m  OK  [0m] Stopped Permit User Sessions.
[[0;32m  OK  [0m] Stopped target Remote File Systems.
[[0;32m  OK  [0m] Stopped target Remote File Systems (Pre).
         Stopping Login to default iSCSI targets...
[[0;32m  OK  [0m] Unmounted /vagrant.
[[0;32m  OK  [0m] Stopped Login Service.
[[0;32m  OK  [0m] Stopped vboxadd.service.
[[0;32m  OK  [0m] Stopped target Basic System.
[[0;32m  OK  [0m] Stopped target Paths.
[[0;32m  OK  [0m] Stopped Forward Password Requests to Wall Directory Watch.
[[0;32m  OK  [0m] Stopped Dispatch Password Requests to Console Directory Watch.
[[0;32m  OK  [0m] Stopped ACPI Events Check.
[[0;32m  OK  [0m] Stopped target Slices.
[[0;32m  OK  [0m] Removed slice User and Session Slice.
[[0;32m  OK  [0m] Stopped target Sockets.
[[0;32m  OK  [0m] Closed UUID daemon activation socket.
[[0;32m  OK  [0m] Closed LXD - unix socket.
[[0;32m  OK  [0m] Closed Socket activation for snappy daemon.
[[0;32m  OK  [0m] Closed Syslog Socket.
[[0;32m  OK  [0m] Closed ACPID Listen Socket.
[[0;32m  OK  [0m] Closed D-Bus System Message Bus Socket.
[[0;32m  OK  [0m] Stopped target System Initialization.
[[0;32m  OK  [0m] Stopped target Swap.
[[0;32m  OK  [0m] Stopped target Encrypted Volumes.
[[0;32m  OK  [0m] Stopped Create Volatile Files and Directories.
         Stopping Load/Save Random Seed...
[[0;32m  OK  [0m] Stopped target User and Group Name Lookups.
[[0;32m  OK  [0m] Stopped Load/Save Random Seed.
[[0;32m  OK  [0m] Stopped Login to default iSCSI targets.
         Stopping iSCSI initiator daemon (iscsid)...
[[0;32m  OK  [0m] Stopped iSCSI initiator daemon (iscsid).
[[0;32m  OK  [0m] Stopped target Network is Online.
[[0;32m  OK  [0m] Stopped Initial cloud-init job (metadata service crawler).
[[0;32m  OK  [0m] Stopped target Network.
         Stopping Raise network interfaces...
[[0;32m  OK  [0m] Stopped Raise network interfaces.
[[0;32m  OK  [0m] Stopped target Local File Systems.
         Unmounting /run/user/1000...
[[0;32m  OK  [0m] Stopped target Network (Pre).
[[0;32m  OK  [0m] Stopped Initial cloud-init job (pre-networking).
[[0;32m  OK  [0m] Stopped Apply Kernel Variables.
[[0;32m  OK  [0m] Stopped Load Kernel Modules.
[[0;32m  OK  [0m] Unmounted /run/user/1000.
[[0;32m  OK  [0m] Reached target Unmount All Filesystems.
[[0;32m  OK  [0m] Stopped target Local File Systems (Pre).
[[0;32m  OK  [0m] Stopped Remount Root and Kernel File Systems.
[[0;32m  OK  [0m] Stopped Create Static Device Nodes in /dev.
[[0;32m  OK  [0m] Reached target Shutdown.
[  400.714838] reboot: Power down
